<?xml version="1.0" encoding="UTF-8"?>
<!-- Generated by org.testng.reporters.JUnitXMLReporter -->
<testsuite ignored="0" hostname="DESKTOP-UQH32C2" failures="0" tests="3" name="SampleTest" time="16.531" errors="0" timestamp="2023-02-14T14:01:17 IST">
  <testcase classname="maven_project.maven_project.SeleniumProject" name="navigatewebpageTC02" time="16.414"/>
  <testcase classname="maven_project.maven_project.SeleniumProject" name="shouldAnswerWithTrue" time="0.002"/>
  <testcase classname="maven_project.maven_project.SeleniumProject" name="title" time="0.011"/>
</testsuite> <!-- SampleTest -->
