<?xml version="1.0" encoding="UTF-8"?>
<testng-results ignored="0" total="3" passed="3" failed="0" skipped="0">
  <reporter-output>
  </reporter-output>
  <suite started-at="2023-02-14T14:16:37 IST" name="Default suite" finished-at="2023-02-14T14:16:52 IST" duration-ms="15048">
    <groups>
    </groups>
    <test started-at="2023-02-14T14:16:37 IST" name="Default test" finished-at="2023-02-14T14:16:52 IST" duration-ms="15048">
      <class name="maven_project.maven_project.SeleniumProject">
        <test-method signature="navigatewebpageTC02()[pri:0, instance:maven_project.maven_project.SeleniumProject@1b1426f4]" started-at="2023-02-14T14:16:37 IST" name="navigatewebpageTC02" finished-at="2023-02-14T14:16:52 IST" duration-ms="14951" status="PASS">
          <reporter-output>
          </reporter-output>
        </test-method> <!-- navigatewebpageTC02 -->
        <test-method signature="shouldAnswerWithTrue()[pri:0, instance:maven_project.maven_project.SeleniumProject@1b1426f4]" started-at="2023-02-14T14:16:52 IST" name="shouldAnswerWithTrue" finished-at="2023-02-14T14:16:52 IST" duration-ms="6" status="PASS">
          <reporter-output>
          </reporter-output>
        </test-method> <!-- shouldAnswerWithTrue -->
        <test-method signature="title()[pri:0, instance:maven_project.maven_project.SeleniumProject@1b1426f4]" started-at="2023-02-14T14:16:52 IST" name="title" finished-at="2023-02-14T14:16:52 IST" duration-ms="14" status="PASS">
          <reporter-output>
          </reporter-output>
        </test-method> <!-- title -->
      </class> <!-- maven_project.maven_project.SeleniumProject -->
    </test> <!-- Default test -->
  </suite> <!-- Default suite -->
</testng-results>
