<?xml version="1.0" encoding="UTF-8"?>
<!-- Generated by org.testng.reporters.JUnitXMLReporter -->
<testsuite ignored="0" hostname="DESKTOP-UQH32C2" failures="0" tests="3" name="Default test" time="15.048" errors="0" timestamp="2023-02-14T14:16:52 IST">
  <testcase classname="maven_project.maven_project.SeleniumProject" name="navigatewebpageTC02" time="14.951"/>
  <testcase classname="maven_project.maven_project.SeleniumProject" name="shouldAnswerWithTrue" time="0.006"/>
  <testcase classname="maven_project.maven_project.SeleniumProject" name="title" time="0.014"/>
</testsuite> <!-- Default test -->
